GROUP,PACKAGE,CLASS,INSTRUCTION_MISSED,INSTRUCTION_COVERED,BRANCH_MISSED,BRANCH_COVERED,LINE_MISSED,LINE_COVERED,COMPLEXITY_MISSED,COMPLEXITY_COVERED,METHOD_MISSED,METHOD_COVERED
mon-appli,fr.univavignon.pokedex.api,Team,0,34,0,0,0,4,0,1,0,1
mon-appli,fr.univavignon.pokedex.api,PokedexException,0,4,0,0,0,2,0,1,0,1
mon-appli,fr.univavignon.pokedex.api,PokemonTrainer,0,21,0,0,0,8,0,4,0,4
mon-appli,fr.univavignon.pokedex.api,PokemonComparators,54,0,0,0,11,0,3,0,3,0
mon-appli,fr.univavignon.pokedex.api,PokemonMetadata,15,18,0,0,5,7,5,1,5,1
mon-appli,fr.univavignon.pokedex.api,Pokemon,15,23,0,0,5,7,5,1,5,1
